<?xml version="1.0" encoding="UTF-8"?>
<testsuite xmlns:xsi="http://www.w3.org/2001/XMLSchema-instance" xsi:noNamespaceSchemaLocation="https://maven.apache.org/surefire/maven-surefire-plugin/xsd/surefire-test-report-3.0.xsd" version="3.0" name="com.example.bookingJuan.BookingJuanApplicationTests" time="6.799" tests="1" errors="0" skipped="0" failures="0">
  <properties>
[...]
</properties>
  <testcase name="contextLoads" classname="com.example.bookingJuan.BookingJuanApplicationTests" time="0.346">
    <system-out><![CDATA[12:05:11.466 [main] DEBUG org.springframework.test.context.BootstrapUtils - Instantiating CacheAwareContextLoaderDelegate from class [org.springframework.test.context.cache.DefaultCacheAwareContextLoaderDelegate]
12:05:11.479 [main] DEBUG org.springframework.test.context.BootstrapUtils - Instantiating BootstrapContext using constructor [public org.springframework.test.context.support.DefaultBootstrapContext(java.lang.Class,org.springframework.test.context.CacheAwareContextLoaderDelegate)]
12:05:11.528 [main] DEBUG org.springframework.test.context.BootstrapUtils - Instantiating TestContextBootstrapper for test class [com.example.bookingJuan.BookingJuanApplicationTests] from class [org.springframework.boot.test.context.SpringBootTestContextBootstrapper]
12:05:11.541 [main] INFO org.springframework.boot.test.context.SpringBootTestContextBootstrapper - Neither @ContextConfiguration nor @ContextHierarchy found for test class [com.example.bookingJuan.BookingJuanApplicationTests], using SpringBootContextLoader
12:05:11.546 [main] DEBUG org.springframework.test.context.support.AbstractContextLoader - Did not detect default resource location for test class [com.example.bookingJuan.BookingJuanApplicationTests]: class path resource [com/example/bookingJuan/BookingJuanApplicationTests-context.xml] does not exist
12:05:11.546 [main] DEBUG org.springframework.test.context.support.AbstractContextLoader - Did not detect default resource location for test class [com.example.bookingJuan.BookingJuanApplicationTests]: class path resource [com/example/bookingJuan/BookingJuanApplicationTestsContext.groovy] does not exist
12:05:11.546 [main] INFO org.springframework.test.context.support.AbstractContextLoader - Could not detect default resource locations for test class [com.example.bookingJuan.BookingJuanApplicationTests]: no resource found for suffixes {-context.xml, Context.groovy}.
12:05:11.547 [main] INFO org.springframework.test.context.support.AnnotationConfigContextLoaderUtils - Could not detect default configuration classes for test class [com.example.bookingJuan.BookingJuanApplicationTests]: BookingJuanApplicationTests does not declare any static, non-private, non-final, nested classes annotated with @Configuration.
12:05:11.616 [main] DEBUG org.springframework.test.context.support.ActiveProfilesUtils - Could not find an 'annotation declaring class' for annotation type [org.springframework.test.context.ActiveProfiles] and class [com.example.bookingJuan.BookingJuanApplicationTests]
12:05:11.703 [main] DEBUG org.springframework.context.annotation.ClassPathScanningCandidateComponentProvider - Identified candidate component class: file [C:\Users\jualm\Desktop\bookingJuan\bookingJuan\target\classes\com\example\bookingJuan\BookingJuanApplication.class]
12:05:11.704 [main] INFO org.springframework.boot.test.context.SpringBootTestContextBootstrapper - Found @SpringBootConfiguration com.example.bookingJuan.BookingJuanApplication for test class com.example.bookingJuan.BookingJuanApplicationTests
12:05:11.819 [main] DEBUG org.springframework.boot.test.context.SpringBootTestContextBootstrapper - @TestExecutionListeners is not present for class [com.example.bookingJuan.BookingJuanApplicationTests]: using defaults.
12:05:11.820 [main] INFO org.springframework.boot.test.context.SpringBootTestContextBootstrapper - Loaded default TestExecutionListener class names from location [META-INF/spring.factories]: [org.springframework.boot.test.mock.mockito.MockitoTestExecutionListener, org.springframework.boot.test.mock.mockito.ResetMocksTestExecutionListener, org.springframework.boot.test.autoconfigure.restdocs.RestDocsTestExecutionListener, org.springframework.boot.test.autoconfigure.web.client.MockRestServiceServerResetTestExecutionListener, org.springframework.boot.test.autoconfigure.web.servlet.MockMvcPrintOnlyOnFailureTestExecutionListener, org.springframework.boot.test.autoconfigure.web.servlet.WebDriverTestExecutionListener, org.springframework.boot.test.autoconfigure.webservices.client.MockWebServiceServerTestExecutionListener, org.springframework.test.context.web.ServletTestExecutionListener, org.springframework.test.context.support.DirtiesContextBeforeModesTestExecutionListener, org.springframework.test.context.event.ApplicationEventsTestExecutionListener, org.springframework.test.context.support.DependencyInjectionTestExecutionListener, org.springframework.test.context.support.DirtiesContextTestExecutionListener, org.springframework.test.context.transaction.TransactionalTestExecutionListener, org.springframework.test.context.jdbc.SqlScriptsTestExecutionListener, org.springframework.test.context.event.EventPublishingTestExecutionListener]
12:05:11.844 [main] INFO org.springframework.boot.test.context.SpringBootTestContextBootstrapper - Using TestExecutionListeners: [org.springframework.test.context.web.ServletTestExecutionListener@1f010bf0, org.springframework.test.context.support.DirtiesContextBeforeModesTestExecutionListener@40db2a24, org.springframework.test.context.event.ApplicationEventsTestExecutionListener@10cf09e8, org.springframework.boot.test.mock.mockito.MockitoTestExecutionListener@1921ad94, org.springframework.boot.test.autoconfigure.SpringBootDependencyInjectionTestExecutionListener@ee86bcb, org.springframework.test.context.support.DirtiesContextTestExecutionListener@177bea38, org.springframework.test.context.transaction.TransactionalTestExecutionListener@7f132176, org.springframework.test.context.jdbc.SqlScriptsTestExecutionListener@6bca7e0d, org.springframework.test.context.event.EventPublishingTestExecutionListener@2631f68c, org.springframework.boot.test.mock.mockito.ResetMocksTestExecutionListener@6ed3f258, org.springframework.boot.test.autoconfigure.restdocs.RestDocsTestExecutionListener@8ad6665, org.springframework.boot.test.autoconfigure.web.client.MockRestServiceServerResetTestExecutionListener@30af5b6b, org.springframework.boot.test.autoconfigure.web.servlet.MockMvcPrintOnlyOnFailureTestExecutionListener@19835e64, org.springframework.boot.test.autoconfigure.web.servlet.WebDriverTestExecutionListener@68b32e3e, org.springframework.boot.test.autoconfigure.webservices.client.MockWebServiceServerTestExecutionListener@bcef303]
12:05:11.847 [main] DEBUG org.springframework.test.context.support.AbstractDirtiesContextTestExecutionListener - Before test class: context [DefaultTestContext@53fd0d10 testClass = BookingJuanApplicationTests, testInstance = [null], testMethod = [null], testException = [null], mergedContextConfiguration = [WebMergedContextConfiguration@6c0d9d86 testClass = BookingJuanApplicationTests, locations = '{}', classes = '{class com.example.bookingJuan.BookingJuanApplication}', contextInitializerClasses = '[]', activeProfiles = '{}', propertySourceLocations = '{}', propertySourceProperties = '{org.springframework.boot.test.context.SpringBootTestContextBootstrapper=true}', contextCustomizers = set[org.springframework.boot.test.context.filter.ExcludeFilterContextCustomizer@5677323c, org.springframework.boot.test.json.DuplicateJsonObjectContextCustomizerFactory$DuplicateJsonObjectContextCustomizer@4686afc2, org.springframework.boot.test.mock.mockito.MockitoContextCustomizer@0, org.springframework.boot.test.web.client.TestRestTemplateContextCustomizer@2892d68, org.springframework.boot.test.autoconfigure.actuate.metrics.MetricsExportContextCustomizerFactory$DisableMetricExportContextCustomizer@740cae06, org.springframework.boot.test.autoconfigure.properties.PropertyMappingContextCustomizer@0, org.springframework.boot.test.autoconfigure.web.servlet.WebDriverContextCustomizerFactory$Customizer@5d0bf09b, org.springframework.boot.test.context.SpringBootTestArgs@1, org.springframework.boot.test.context.SpringBootTestWebEnvironment@4516af24], resourceBasePath = 'src/main/webapp', contextLoader = 'org.springframework.boot.test.context.SpringBootContextLoader', parent = [null]], attributes = map['org.springframework.test.context.web.ServletTestExecutionListener.activateListener' -> true]], class annotated with @DirtiesContext [false] with mode [null].
$$$$$$$\   $$$$$$\   $$$$$$\  $$\   $$\ $$$$$$\ $$\   $$\  $$$$$$\
$$  __$$\ $$  __$$\ $$  __$$\ $$ | $$  |\_$$  _|$$$\  $$ |$$  __$$\
$$ |  $$ |$$ /  $$ |$$ /  $$ |$$ |$$  /   $$ |  $$$$\ $$ |$$ /  \__|
$$$$$$$\ |$$ |  $$ |$$ |  $$ |$$$$$  /    $$ |  $$ $$\$$ |$$ |$$$$\
$$  __$$\ $$ |  $$ |$$ |  $$ |$$  $$<     $$ |  $$ \$$$$ |$$ |\_$$ |
$$ |  $$ |$$ |  $$ |$$ |  $$ |$$ |\$$\    $$ |  $$ |\$$$ |$$ |  $$ |
$$$$$$$  | $$$$$$  | $$$$$$  |$$ | \$$\ $$$$$$\ $$ | \$$ |\$$$$$$  |
\_______/  \______/  \______/ \__|  \__|\______|\__|  \__| \______/

$$\      $$\  $$$$$$\   $$$$$$\  $$\   $$\  $$$$$$\  $$$$$$$\   $$$$$$\
$$$\    $$$ |$$  __$$\ $$  __$$\ $$ |  $$ |$$  __$$\ $$  __$$\ $$  __$$\
$$$$\  $$$$ |$$ /  $$ |$$ /  \__|$$ |  $$ |$$ /  $$ |$$ |  $$ |$$ /  $$ |
$$\$$\$$ $$ |$$$$$$$$ |$$ |      $$$$$$$$ |$$$$$$$$ |$$ |  $$ |$$ |  $$ |
$$ \$$$  $$ |$$  __$$ |$$ |      $$  __$$ |$$  __$$ |$$ |  $$ |$$ |  $$ |
$$ |\$  /$$ |$$ |  $$ |$$ |  $$\ $$ |  $$ |$$ |  $$ |$$ |  $$ |$$ |  $$ |
$$ | \_/ $$ |$$ |  $$ |\$$$$$$  |$$ |  $$ |$$ |  $$ |$$$$$$$  | $$$$$$  |
\__|     \__|\__|  \__| \______/ \__|  \__|\__|  \__|\_______/  \______/

$$\      $$\  $$$$$$\  $$$$$$$\  $$$$$$$$\ $$$$$$\ $$\   $$\ $$\   $$\  $$$$$$\   $$$$$$\  $$$$$$\
$$$\    $$$ |$$  __$$\ $$  __$$\ \__$$  __|\_$$  _|$$$\  $$ |$$ |  $$ |$$  __$$\ $$  __$$\ \_$$  _|
$$$$\  $$$$ |$$ /  $$ |$$ |  $$ |   $$ |     $$ |  $$$$\ $$ |$$ |  $$ |$$ /  \__|$$ /  \__|  $$ |
$$\$$\$$ $$ |$$$$$$$$ |$$$$$$$  |   $$ |     $$ |  $$ $$\$$ |$$ |  $$ |$$ |      $$ |        $$ |
$$ \$$$  $$ |$$  __$$ |$$  __$$<    $$ |     $$ |  $$ \$$$$ |$$ |  $$ |$$ |      $$ |        $$ |
$$ |\$  /$$ |$$ |  $$ |$$ |  $$ |   $$ |     $$ |  $$ |\$$$ |$$ |  $$ |$$ |  $$\ $$ |  $$\   $$ |
$$ | \_/ $$ |$$ |  $$ |$$ |  $$ |   $$ |   $$$$$$\ $$ | \$$ |\$$$$$$  |\$$$$$$  |\$$$$$$  |$$$$$$\
\__|     \__|\__|  \__|\__|  \__|   \__|   \______|\__|  \__| \______/  \______/  \______/ \______|

 $$$$$$\  $$\   $$\  $$$$$$\  $$\    $$\ $$$$$$$$\ $$$$$$$$\
$$  __$$\ $$ |  $$ |$$  __$$\ $$ |   $$ |$$  _____|\____$$  |
$$ /  \__|$$ |  $$ |$$ /  $$ |$$ |   $$ |$$ |          $$  /
$$ |      $$$$$$$$ |$$$$$$$$ |\$$\  $$  |$$$$$\       $$  /
$$ |      $$  __$$ |$$  __$$ | \$$\$$  / $$  __|     $$  /
$$ |  $$\ $$ |  $$ |$$ |  $$ |  \$$$  /  $$ |       $$  /
\$$$$$$  |$$ |  $$ |$$ |  $$ |   \$  /   $$$$$$$$\ $$$$$$$$\
 \______/ \__|  \__|\__|  \__|    \_/    \________|\________|
2024-02-22 12:05:12 [&amp#27;[34mINFO &amp#27;[0;39m] [&amp#27;[36mmain&amp#27;[0;39m] &amp#27;[35mc.e.b.BookingJuanApplicationTests&amp#27;[0;39m - Starting BookingJuanApplicationTests using Java 19.0.2 on Juan with PID 20852 (started by jualm in C:\Users\jualm\Desktop\bookingJuan\bookingJuan)
2024-02-22 12:05:12 [&amp#27;[34mINFO &amp#27;[0;39m] [&amp#27;[36mmain&amp#27;[0;39m] &amp#27;[35mc.e.b.BookingJuanApplicationTests&amp#27;[0;39m - No active profile set, falling back to 1 default profile: "default"
2024-02-22 12:05:13 [&amp#27;[34mINFO &amp#27;[0;39m] [&amp#27;[36mmain&amp#27;[0;39m] &amp#27;[35mo.s.d.r.c.RepositoryConfigurationDelegate&amp#27;[0;39m - Bootstrapping Spring Data JPA repositories in DEFAULT mode.
2024-02-22 12:05:13 [&amp#27;[34mINFO &amp#27;[0;39m] [&amp#27;[36mmain&amp#27;[0;39m] &amp#27;[35mo.s.d.r.c.RepositoryConfigurationDelegate&amp#27;[0;39m - Finished Spring Data repository scanning in 70 ms. Found 4 JPA repository interfaces.
2024-02-22 12:05:14 [&amp#27;[34mINFO &amp#27;[0;39m] [&amp#27;[36mmain&amp#27;[0;39m] &amp#27;[35mc.z.h.HikariDataSource&amp#27;[0;39m - HikariPool-1 - Starting...
2024-02-22 12:05:14 [&amp#27;[34mINFO &amp#27;[0;39m] [&amp#27;[36mmain&amp#27;[0;39m] &amp#27;[35mc.z.h.HikariDataSource&amp#27;[0;39m - HikariPool-1 - Start completed.
2024-02-22 12:05:15 [&amp#27;[34mINFO &amp#27;[0;39m] [&amp#27;[36mmain&amp#27;[0;39m] &amp#27;[35mo.s.o.j.LocalContainerEntityManagerFactoryBean&amp#27;[0;39m - Initialized JPA EntityManagerFactory for persistence unit 'default'
2024-02-22 12:05:16 [&amp#27;[31mWARN &amp#27;[0;39m] [&amp#27;[36mmain&amp#27;[0;39m] &amp#27;[35mo.s.b.a.o.j.JpaBaseConfiguration$JpaWebConfiguration&amp#27;[0;39m - spring.jpa.open-in-view is enabled by default. Therefore, database queries may be performed during view rendering. Explicitly configure spring.jpa.open-in-view to disable this warning
2024-02-22 12:05:17 [&amp#27;[34mINFO &amp#27;[0;39m] [&amp#27;[36mmain&amp#27;[0;39m] &amp#27;[35mc.e.b.BookingJuanApplicationTests&amp#27;[0;39m - Started BookingJuanApplicationTests in 5.894 seconds (JVM running for 7.215)
]]></system-out>
  </testcase>
</testsuite>